<?xml version="1.0" encoding="UTF-8"?>
<testsuites name="Test_Jira_Nasa" time="124.398" tests="2" failures="0" errors="1">
   <testsuite name="Test_Jira_Nasa" tests="2" failures="0" errors="1" time="124.398" skipped="0" timestamp="2023-10-30 16:55:27" hostname="nasin - Testbits_Nas" id="Test Suites/Test_Jira_Nasa">
      <properties>
         <property name="deviceName" value=""/>
         <property name="devicePlatform" value=""/>
         <property name="logFolder" value="C:\\Users\\nasin\\git\\tb-ttap-brivge-v2\\Reports\\20231030_165509\\Test_Jira_Nasa\\20231030_165509"/>
         <property name="logFiles" value="C:\\Users\\nasin\\git\\tb-ttap-brivge-v2\\Reports\\20231030_165509\\Test_Jira_Nasa\\20231030_165509\\execution0.log"/>
         <property name="attachments" value="C:\\Users\\nasin\\git\\tb-ttap-brivge-v2\\Reports\\20231030_165509\\Test_Jira_Nasa\\20231030_165509\\1698656250165.png"/>
         <property name="hostName" value="nasin - Testbits_Nas"/>
         <property name="os" value="Windows 11 64bit"/>
         <property name="katalonVersion" value="8.6.6.208"/>
         <property name="browser" value="Chrome 118.0.0.0"/>
         <property name="hostAddress" value="10.2.0.2"/>
         <property name="sessionId" value="7387cf80079ad082610353640725612c"/>
         <property name="seleniumVersion" value="3.141.59"/>
         <property name="proxyInformation" value="ProxyInformation { proxyOption=NO_PROXY, proxyServerType=HTTP, username=, password=********, proxyServerAddress=, proxyServerPort=0, executionList=&quot;&quot;, isApplyToDesiredCapabilities=true }"/>
         <property name="platform" value="Windows 11"/>
      </properties>
      <testcase name="Test Cases/Scenario 17_Jira/BAT-707 SC17.0_TC18 - admin -" time="44.333" classname="Test Cases/Scenario 17_Jira/BAT-707 SC17.0_TC18 - admin -" status="ERROR">
         <error type="ERROR" message="Test Cases/Scenario 17_Jira/BAT-707 SC17.0_TC18 - admin - FAILED.
Reason:
groovy.lang.MissingPropertyException: No such property: batch_url for class: Script1698052678066
	at BAT-707 SC17.0_TC18 - admin -.run(BAT-707 SC17.0_TC18 - admin -:24)
	at com.kms.katalon.core.main.ScriptEngine.run(ScriptEngine.java:194)
	at com.kms.katalon.core.main.ScriptEngine.runScriptAsRawText(ScriptEngine.java:119)
	at com.kms.katalon.core.main.TestCaseExecutor.runScript(TestCaseExecutor.java:448)
	at com.kms.katalon.core.main.TestCaseExecutor.doExecute(TestCaseExecutor.java:439)
	at com.kms.katalon.core.main.TestCaseExecutor.processExecutionPhase(TestCaseExecutor.java:418)
	at com.kms.katalon.core.main.TestCaseExecutor.accessMainPhase(TestCaseExecutor.java:410)
	at com.kms.katalon.core.main.TestCaseExecutor.execute(TestCaseExecutor.java:285)
	at com.kms.katalon.core.common.CommonExecutor.accessTestCaseMainPhase(CommonExecutor.java:65)
	at com.kms.katalon.core.main.TestSuiteExecutor.accessTestSuiteMainPhase(TestSuiteExecutor.java:148)
	at com.kms.katalon.core.main.TestSuiteExecutor.execute(TestSuiteExecutor.java:106)
	at com.kms.katalon.core.main.TestCaseMain.startTestSuite(TestCaseMain.java:187)
	at com.kms.katalon.core.main.TestCaseMain$startTestSuite$0.call(Unknown Source)
	at TempTestSuite1698656109271.run(TempTestSuite1698656109271.groovy:36)
"/>
         <system-out><![CDATA[2023-10-30 16:55:29 - [TEST_CASE][ERROR] - Test Cases/Scenario 17_Jira/BAT-707 SC17.0_TC18 - admin -: Test Cases/Scenario 17_Jira/BAT-707 SC17.0_TC18 - admin - FAILED.
Reason:
groovy.lang.MissingPropertyException: No such property: batch_url for class: Script1698052678066
	at BAT-707 SC17.0_TC18 - admin -.run(BAT-707 SC17.0_TC18 - admin -:24)
	at com.kms.katalon.core.main.ScriptEngine.run(ScriptEngine.java:194)
	at com.kms.katalon.core.main.ScriptEngine.runScriptAsRawText(ScriptEngine.java:119)
	at com.kms.katalon.core.main.TestCaseExecutor.runScript(TestCaseExecutor.java:448)
	at com.kms.katalon.core.main.TestCaseExecutor.doExecute(TestCaseExecutor.java:439)
	at com.kms.katalon.core.main.TestCaseExecutor.processExecutionPhase(TestCaseExecutor.java:418)
	at com.kms.katalon.core.main.TestCaseExecutor.accessMainPhase(TestCaseExecutor.java:410)
	at com.kms.katalon.core.main.TestCaseExecutor.execute(TestCaseExecutor.java:285)
	at com.kms.katalon.core.common.CommonExecutor.accessTestCaseMainPhase(CommonExecutor.java:65)
	at com.kms.katalon.core.main.TestSuiteExecutor.accessTestSuiteMainPhase(TestSuiteExecutor.java:148)
	at com.kms.katalon.core.main.TestSuiteExecutor.execute(TestSuiteExecutor.java:106)
	at com.kms.katalon.core.main.TestCaseMain.startTestSuite(TestCaseMain.java:187)
	at com.kms.katalon.core.main.TestCaseMain$startTestSuite$0.call(Unknown Source)
	at TempTestSuite1698656109271.run(TempTestSuite1698656109271.groovy:36)


2023-10-30 16:55:29 - [TEST_STEP][PASSED] - Start listener action : beforeTestCase: null

2023-10-30 16:55:29 - [TEST_STEP][PASSED] - if (RETRY_COUNTER < MAX_RETRIES): null

2023-10-30 16:55:29 - [TEST_STEP][PASSED] - SKIP_REMAINING_TESTS = false: null

2023-10-30 16:55:30 - [TEST_STEP][PASSED] - callTestCase(findTestCase("0-Common/Login to Brivge"), ["url":BRIVGE_URL, "username":ADMIN_USERNAME, "password":ADMIN_PWD, "verificationCode":VERIFICATION_CODE, "company":ADMIN_COMPANY], STOP_ON_FAILURE): Call Test Case 'Test Cases/0-Common/Login to Brivge' successfully

2023-10-30 16:55:30 - [TEST_CASE][PASSED] - Test Cases/0-Common/Login to Brivge: Test Cases/0-Common/Login to Brivge

2023-10-30 16:55:30 - [TEST_STEP][PASSED] - openBrowser(""): Browser is opened with url: ''

2023-10-30 16:55:31 - [MESSAGE][INFO] - Starting 'Chrome' driver

2023-10-30 16:55:31 - [MESSAGE][INFO] - Action delay is set to 0 milliseconds

2023-10-30 16:55:34 - [MESSAGE][PASSED] - Browser is opened with url: ''

2023-10-30 16:55:34 - [TEST_STEP][PASSED] - maximizeWindow(): Current window maximized

2023-10-30 16:55:34 - [MESSAGE][PASSED] - Current window maximized

2023-10-30 16:55:34 - [TEST_STEP][PASSED] - navigateToUrl(url): Navigate to 'https://st.brivge.com/' successfully

2023-10-30 16:56:00 - [MESSAGE][PASSED] - Navigate to 'https://st.brivge.com/' successfully

2023-10-30 16:56:00 - [TEST_STEP][PASSED] - setText(findTestObject("LoginPage_Brivge/input_Sign In_username"), username): Text 'admin' is set on object 'Object Repository/LoginPage_Brivge/input_Sign In_username'

2023-10-30 16:56:01 - [MESSAGE][PASSED] - Text 'admin' is set on object 'Object Repository/LoginPage_Brivge/input_Sign In_username'

2023-10-30 16:56:01 - [TEST_STEP][PASSED] - setEncryptedText(findTestObject("LoginPage_Brivge/input_Sign In_password"), password): Text ****** has been set on object 'Object Repository/LoginPage_Brivge/input_Sign In_password'

2023-10-30 16:56:02 - [MESSAGE][PASSED] - Text ****** has been set on object 'Object Repository/LoginPage_Brivge/input_Sign In_password'

2023-10-30 16:56:02 - [TEST_STEP][PASSED] - click(findTestObject("LoginPage_Brivge/button_Sign In")): Object: 'Object Repository/LoginPage_Brivge/button_Sign In' is clicked on

2023-10-30 16:56:03 - [MESSAGE][PASSED] - Object: 'Object Repository/LoginPage_Brivge/button_Sign In' is clicked on

2023-10-30 16:56:03 - [TEST_STEP][PASSED] - setEncryptedText(findTestObject("LoginPage_Brivge/input_Verify_verificationCode"), verificationCode): Text ****** has been set on object 'Object Repository/LoginPage_Brivge/input_Verify_verificationCode'

2023-10-30 16:56:03 - [MESSAGE][PASSED] - Text ****** has been set on object 'Object Repository/LoginPage_Brivge/input_Verify_verificationCode'

2023-10-30 16:56:03 - [TEST_STEP][PASSED] - click(findTestObject("LoginPage_Brivge/button_Verify")): Object: 'Object Repository/LoginPage_Brivge/button_Verify' is clicked on

2023-10-30 16:56:04 - [MESSAGE][PASSED] - Object: 'Object Repository/LoginPage_Brivge/button_Verify' is clicked on

2023-10-30 16:56:04 - [TEST_STEP][PASSED] - verifyElementPresent(findTestObject("Navbar_Brivge/p_UserLogin_Username", ["username":username]), 0): Object 'Object Repository/Navbar_Brivge/p_UserLogin_Username' is present

2023-10-30 16:56:04 - [MESSAGE][WARNING] - Timeout '0' is invalid. Using default page load timeout: '30'

2023-10-30 16:56:11 - [MESSAGE][PASSED] - Object 'Object Repository/Navbar_Brivge/p_UserLogin_Username' is present

2023-10-30 16:56:11 - [TEST_STEP][PASSED] - click(findTestObject("Navbar_Brivge/UserProfile_Brivge/button_UserProfile")): Object: 'Object Repository/Navbar_Brivge/UserProfile_Brivge/button_UserProfile' is clicked on

2023-10-30 16:56:11 - [MESSAGE][PASSED] - Object: 'Object Repository/Navbar_Brivge/UserProfile_Brivge/button_UserProfile' is clicked on

2023-10-30 16:56:11 - [TEST_STEP][PASSED] - click(findTestObject("Navbar_Brivge/UserProfile_Brivge/button_CompanyOptions")): Object: 'Object Repository/Navbar_Brivge/UserProfile_Brivge/button_CompanyOptions' is clicked on

2023-10-30 16:56:12 - [MESSAGE][PASSED] - Object: 'Object Repository/Navbar_Brivge/UserProfile_Brivge/button_CompanyOptions' is clicked on

2023-10-30 16:56:12 - [TEST_STEP][PASSED] - click(findTestObject("Navbar_Brivge/UserProfile_Brivge/li_Company", ["company":company])): Object: 'Object Repository/Navbar_Brivge/UserProfile_Brivge/li_Company' is clicked on

2023-10-30 16:56:13 - [MESSAGE][PASSED] - Object: 'Object Repository/Navbar_Brivge/UserProfile_Brivge/li_Company' is clicked on

2023-10-30 16:56:13 - [TEST_STEP][PASSED] - waitForPageLoad(0): Wait for page load successfully

2023-10-30 16:56:13 - [MESSAGE][WARNING] - Timeout '0' is invalid. Using default page load timeout: '30'

2023-10-30 16:56:13 - [MESSAGE][PASSED] - Wait for page load successfully

2023-10-30 16:56:13 - [MESSAGE][PASSED] - Call Test Case 'Test Cases/0-Common/Login to Brivge' successfully

2023-10-30 16:56:13 - [TEST_STEP][ERROR] - navigateToUrl(batch_url): Test Cases/Scenario 17_Jira/BAT-707 SC17.0_TC18 - admin - FAILED.
Reason:
groovy.lang.MissingPropertyException: No such property: batch_url for class: Script1698052678066
	at BAT-707 SC17.0_TC18 - admin -.run(BAT-707 SC17.0_TC18 - admin -:24)
	at com.kms.katalon.core.main.ScriptEngine.run(ScriptEngine.java:194)
	at com.kms.katalon.core.main.ScriptEngine.runScriptAsRawText(ScriptEngine.java:119)
	at com.kms.katalon.core.main.TestCaseExecutor.runScript(TestCaseExecutor.java:448)
	at com.kms.katalon.core.main.TestCaseExecutor.doExecute(TestCaseExecutor.java:439)
	at com.kms.katalon.core.main.TestCaseExecutor.processExecutionPhase(TestCaseExecutor.java:418)
	at com.kms.katalon.core.main.TestCaseExecutor.accessMainPhase(TestCaseExecutor.java:410)
	at com.kms.katalon.core.main.TestCaseExecutor.execute(TestCaseExecutor.java:285)
	at com.kms.katalon.core.common.CommonExecutor.accessTestCaseMainPhase(CommonExecutor.java:65)
	at com.kms.katalon.core.main.TestSuiteExecutor.accessTestSuiteMainPhase(TestSuiteExecutor.java:148)
	at com.kms.katalon.core.main.TestSuiteExecutor.execute(TestSuiteExecutor.java:106)
	at com.kms.katalon.core.main.TestCaseMain.startTestSuite(TestCaseMain.java:187)
	at com.kms.katalon.core.main.TestCaseMain$startTestSuite$0.call(Unknown Source)
	at TempTestSuite1698656109271.run(TempTestSuite1698656109271.groovy:36)


2023-10-30 16:56:13 - [MESSAGE][ERROR] - Test Cases/Scenario 17_Jira/BAT-707 SC17.0_TC18 - admin - FAILED.
Reason:
groovy.lang.MissingPropertyException: No such property: batch_url for class: Script1698052678066
	at BAT-707 SC17.0_TC18 - admin -.run(BAT-707 SC17.0_TC18 - admin -:24)
	at com.kms.katalon.core.main.ScriptEngine.run(ScriptEngine.java:194)
	at com.kms.katalon.core.main.ScriptEngine.runScriptAsRawText(ScriptEngine.java:119)
	at com.kms.katalon.core.main.TestCaseExecutor.runScript(TestCaseExecutor.java:448)
	at com.kms.katalon.core.main.TestCaseExecutor.doExecute(TestCaseExecutor.java:439)
	at com.kms.katalon.core.main.TestCaseExecutor.processExecutionPhase(TestCaseExecutor.java:418)
	at com.kms.katalon.core.main.TestCaseExecutor.accessMainPhase(TestCaseExecutor.java:410)
	at com.kms.katalon.core.main.TestCaseExecutor.execute(TestCaseExecutor.java:285)
	at com.kms.katalon.core.common.CommonExecutor.accessTestCaseMainPhase(CommonExecutor.java:65)
	at com.kms.katalon.core.main.TestSuiteExecutor.accessTestSuiteMainPhase(TestSuiteExecutor.java:148)
	at com.kms.katalon.core.main.TestSuiteExecutor.execute(TestSuiteExecutor.java:106)
	at com.kms.katalon.core.main.TestCaseMain.startTestSuite(TestCaseMain.java:187)
	at com.kms.katalon.core.main.TestCaseMain$startTestSuite$0.call(Unknown Source)
	at TempTestSuite1698656109271.run(TempTestSuite1698656109271.groovy:36)


2023-10-30 16:56:13 - [TEST_STEP][PASSED] - Start listener action : afterTestCase: null

2023-10-30 16:56:13 - [TEST_STEP][PASSED] - if (testCaseStatus == "FAILED" && RETRY_COUNTER < MAX_RETRIES): null

2023-10-30 16:56:13 - [TEST_STEP][PASSED] - else: null

2023-10-30 16:56:13 - [TEST_STEP][PASSED] - SKIP_REMAINING_TESTS = true: null]]></system-out>
         <system-err><![CDATA[2023-10-30 16:55:29 - [TEST_CASE][ERROR] - Test Cases/Scenario 17_Jira/BAT-707 SC17.0_TC18 - admin -: Test Cases/Scenario 17_Jira/BAT-707 SC17.0_TC18 - admin - FAILED.
Reason:
groovy.lang.MissingPropertyException: No such property: batch_url for class: Script1698052678066
	at BAT-707 SC17.0_TC18 - admin -.run(BAT-707 SC17.0_TC18 - admin -:24)
	at com.kms.katalon.core.main.ScriptEngine.run(ScriptEngine.java:194)
	at com.kms.katalon.core.main.ScriptEngine.runScriptAsRawText(ScriptEngine.java:119)
	at com.kms.katalon.core.main.TestCaseExecutor.runScript(TestCaseExecutor.java:448)
	at com.kms.katalon.core.main.TestCaseExecutor.doExecute(TestCaseExecutor.java:439)
	at com.kms.katalon.core.main.TestCaseExecutor.processExecutionPhase(TestCaseExecutor.java:418)
	at com.kms.katalon.core.main.TestCaseExecutor.accessMainPhase(TestCaseExecutor.java:410)
	at com.kms.katalon.core.main.TestCaseExecutor.execute(TestCaseExecutor.java:285)
	at com.kms.katalon.core.common.CommonExecutor.accessTestCaseMainPhase(CommonExecutor.java:65)
	at com.kms.katalon.core.main.TestSuiteExecutor.accessTestSuiteMainPhase(TestSuiteExecutor.java:148)
	at com.kms.katalon.core.main.TestSuiteExecutor.execute(TestSuiteExecutor.java:106)
	at com.kms.katalon.core.main.TestCaseMain.startTestSuite(TestCaseMain.java:187)
	at com.kms.katalon.core.main.TestCaseMain$startTestSuite$0.call(Unknown Source)
	at TempTestSuite1698656109271.run(TempTestSuite1698656109271.groovy:36)]]></system-err>
      </testcase>
      <testcase name="Test Cases/Scenario 17/S17_TC018- Admin Combine Run Batch" time="78.348" classname="Test Cases/Scenario 17/S17_TC018- Admin Combine Run Batch" status="PASSED">
         <system-out><![CDATA[2023-10-30 16:56:13 - [TEST_CASE][PASSED] - Test Cases/Scenario 17/S17_TC018- Admin Combine Run Batch: Test Cases/Scenario 17/S17_TC018- Admin Combine Run Batch

2023-10-30 16:56:13 - [TEST_STEP][PASSED] - Start listener action : beforeTestCase: null

2023-10-30 16:56:13 - [TEST_STEP][PASSED] - if (RETRY_COUNTER < MAX_RETRIES): null

2023-10-30 16:56:13 - [TEST_STEP][PASSED] - SKIP_REMAINING_TESTS = false: null

2023-10-30 16:56:14 - [TEST_STEP][PASSED] - callTestCase(findTestCase("0-Common/Login to Brivge"), ["url":BRIVGE_URL, "username":ADMIN_USERNAME, "password":ADMIN_PWD, "verificationCode":VERIFICATION_CODE, "company":ADMIN_COMPANY], STOP_ON_FAILURE): Call Test Case 'Test Cases/0-Common/Login to Brivge' successfully

2023-10-30 16:56:14 - [TEST_CASE][PASSED] - Test Cases/0-Common/Login to Brivge: Test Cases/0-Common/Login to Brivge

2023-10-30 16:56:14 - [TEST_STEP][PASSED] - openBrowser(""): Browser is opened with url: ''

2023-10-30 16:56:14 - [MESSAGE][WARNING] - A browser is already opened. Closing browser and opening a new one

2023-10-30 16:56:15 - [MESSAGE][INFO] - Starting 'Chrome' driver

2023-10-30 16:56:15 - [MESSAGE][INFO] - Action delay is set to 0 milliseconds

2023-10-30 16:56:17 - [MESSAGE][PASSED] - Browser is opened with url: ''

2023-10-30 16:56:17 - [TEST_STEP][PASSED] - maximizeWindow(): Current window maximized

2023-10-30 16:56:17 - [MESSAGE][PASSED] - Current window maximized

2023-10-30 16:56:17 - [TEST_STEP][PASSED] - navigateToUrl(url): Navigate to 'https://st.brivge.com/' successfully

2023-10-30 16:56:42 - [MESSAGE][PASSED] - Navigate to 'https://st.brivge.com/' successfully

2023-10-30 16:56:42 - [TEST_STEP][PASSED] - setText(findTestObject("LoginPage_Brivge/input_Sign In_username"), username): Text 'admin' is set on object 'Object Repository/LoginPage_Brivge/input_Sign In_username'

2023-10-30 16:56:43 - [MESSAGE][PASSED] - Text 'admin' is set on object 'Object Repository/LoginPage_Brivge/input_Sign In_username'

2023-10-30 16:56:43 - [TEST_STEP][PASSED] - setEncryptedText(findTestObject("LoginPage_Brivge/input_Sign In_password"), password): Text ****** has been set on object 'Object Repository/LoginPage_Brivge/input_Sign In_password'

2023-10-30 16:56:43 - [MESSAGE][PASSED] - Text ****** has been set on object 'Object Repository/LoginPage_Brivge/input_Sign In_password'

2023-10-30 16:56:43 - [TEST_STEP][PASSED] - click(findTestObject("LoginPage_Brivge/button_Sign In")): Object: 'Object Repository/LoginPage_Brivge/button_Sign In' is clicked on

2023-10-30 16:56:44 - [MESSAGE][PASSED] - Object: 'Object Repository/LoginPage_Brivge/button_Sign In' is clicked on

2023-10-30 16:56:44 - [TEST_STEP][PASSED] - setEncryptedText(findTestObject("LoginPage_Brivge/input_Verify_verificationCode"), verificationCode): Text ****** has been set on object 'Object Repository/LoginPage_Brivge/input_Verify_verificationCode'

2023-10-30 16:56:45 - [MESSAGE][PASSED] - Text ****** has been set on object 'Object Repository/LoginPage_Brivge/input_Verify_verificationCode'

2023-10-30 16:56:45 - [TEST_STEP][PASSED] - click(findTestObject("LoginPage_Brivge/button_Verify")): Object: 'Object Repository/LoginPage_Brivge/button_Verify' is clicked on

2023-10-30 16:56:45 - [MESSAGE][PASSED] - Object: 'Object Repository/LoginPage_Brivge/button_Verify' is clicked on

2023-10-30 16:56:45 - [TEST_STEP][PASSED] - verifyElementPresent(findTestObject("Navbar_Brivge/p_UserLogin_Username", ["username":username]), 0): Object 'Object Repository/Navbar_Brivge/p_UserLogin_Username' is present

2023-10-30 16:56:45 - [MESSAGE][WARNING] - Timeout '0' is invalid. Using default page load timeout: '30'

2023-10-30 16:56:56 - [MESSAGE][PASSED] - Object 'Object Repository/Navbar_Brivge/p_UserLogin_Username' is present

2023-10-30 16:56:56 - [TEST_STEP][PASSED] - click(findTestObject("Navbar_Brivge/UserProfile_Brivge/button_UserProfile")): Object: 'Object Repository/Navbar_Brivge/UserProfile_Brivge/button_UserProfile' is clicked on

2023-10-30 16:56:57 - [MESSAGE][PASSED] - Object: 'Object Repository/Navbar_Brivge/UserProfile_Brivge/button_UserProfile' is clicked on

2023-10-30 16:56:57 - [TEST_STEP][PASSED] - click(findTestObject("Navbar_Brivge/UserProfile_Brivge/button_CompanyOptions")): Object: 'Object Repository/Navbar_Brivge/UserProfile_Brivge/button_CompanyOptions' is clicked on

2023-10-30 16:56:59 - [MESSAGE][PASSED] - Object: 'Object Repository/Navbar_Brivge/UserProfile_Brivge/button_CompanyOptions' is clicked on

2023-10-30 16:56:59 - [TEST_STEP][PASSED] - click(findTestObject("Navbar_Brivge/UserProfile_Brivge/li_Company", ["company":company])): Object: 'Object Repository/Navbar_Brivge/UserProfile_Brivge/li_Company' is clicked on

2023-10-30 16:57:01 - [MESSAGE][PASSED] - Object: 'Object Repository/Navbar_Brivge/UserProfile_Brivge/li_Company' is clicked on

2023-10-30 16:57:01 - [TEST_STEP][PASSED] - waitForPageLoad(0): Wait for page load successfully

2023-10-30 16:57:01 - [MESSAGE][WARNING] - Timeout '0' is invalid. Using default page load timeout: '30'

2023-10-30 16:57:01 - [MESSAGE][PASSED] - Wait for page load successfully

2023-10-30 16:57:01 - [MESSAGE][PASSED] - Call Test Case 'Test Cases/0-Common/Login to Brivge' successfully

2023-10-30 16:57:01 - [TEST_STEP][PASSED] - navigateToUrl(batch_url): Navigate to 'https://st.brivge.com/batch' successfully

2023-10-30 16:57:04 - [MESSAGE][PASSED] - Navigate to 'https://st.brivge.com/batch' successfully

2023-10-30 16:57:04 - [TEST_STEP][PASSED] - waitForElementPresent(findTestObject("Page_Batch/h3_Batch"), 0): Object 'Object Repository/Page_Batch/h3_Batch' is present

2023-10-30 16:57:05 - [MESSAGE][WARNING] - Timeout '0' is invalid. Using default page load timeout: '30'

2023-10-30 16:57:25 - [MESSAGE][PASSED] - Object 'Object Repository/Page_Batch/h3_Batch' is present

2023-10-30 16:57:25 - [TEST_STEP][PASSED] - click(findTestObject("Page_Batch/button_LCBM BATCH")): Object: 'Object Repository/Page_Batch/button_LCBM BATCH' is clicked on

2023-10-30 16:57:26 - [MESSAGE][PASSED] - Object: 'Object Repository/Page_Batch/button_LCBM BATCH' is clicked on

2023-10-30 16:57:26 - [TEST_STEP][PASSED] - click(findTestObject("Page_Batch/li_COMBINE BATCH")): Object: 'Object Repository/Page_Batch/li_COMBINE BATCH' is clicked on

2023-10-30 16:57:26 - [MESSAGE][PASSED] - Object: 'Object Repository/Page_Batch/li_COMBINE BATCH' is clicked on

2023-10-30 16:57:26 - [TEST_STEP][PASSED] - verifyElementPresent(findTestObject("NotificationMsg_Brivge/div_NotiMsg_BatchCombineOrder_Success"), 0): Object 'Object Repository/NotificationMsg_Brivge/div_NotiMsg_BatchCombineOrder_Success' is present

2023-10-30 16:57:26 - [MESSAGE][WARNING] - Timeout '0' is invalid. Using default page load timeout: '30'

2023-10-30 16:57:30 - [MESSAGE][PASSED] - Object 'Object Repository/NotificationMsg_Brivge/div_NotiMsg_BatchCombineOrder_Success' is present

2023-10-30 16:57:30 - [TEST_STEP][PASSED] - takeFullPageScreenshot(): Taking screenshot successfully

2023-10-30 16:57:31 - [MESSAGE][INFO] - 0 hidden object(s)

2023-10-30 16:57:31 - [MESSAGE][PASSED] - Taking screenshot successfully
[[ATTACHMENT|C:\\Users\\nasin\\git\\tb-ttap-brivge-v2\\Reports\\20231030_165509\\Test_Jira_Nasa\\20231030_165509\\1698656250165.png]]

2023-10-30 16:57:31 - [TEST_STEP][PASSED] - closeBrowser(): Browser is closed

2023-10-30 16:57:32 - [MESSAGE][PASSED] - Browser is closed

2023-10-30 16:57:32 - [TEST_STEP][PASSED] - Start listener action : afterTestCase: null

2023-10-30 16:57:32 - [TEST_STEP][PASSED] - if (testCaseStatus == "FAILED" && RETRY_COUNTER < MAX_RETRIES): null

2023-10-30 16:57:32 - [TEST_STEP][PASSED] - else: null

2023-10-30 16:57:32 - [TEST_STEP][PASSED] - SKIP_REMAINING_TESTS = true: null]]></system-out>
         <system-err><![CDATA[]]></system-err>
      </testcase>
      <system-out><![CDATA[2023-10-30 16:55:27 - [TEST_SUITE][ERROR] - Test_Jira_Nasa: Test Cases/Scenario 17_Jira/BAT-707 SC17.0_TC18 - admin - FAILED.
Reason:
groovy.lang.MissingPropertyException: No such property: batch_url for class: Script1698052678066
	at BAT-707 SC17.0_TC18 - admin -.run(BAT-707 SC17.0_TC18 - admin -:24)
	at com.kms.katalon.core.main.ScriptEngine.run(ScriptEngine.java:194)
	at com.kms.katalon.core.main.ScriptEngine.runScriptAsRawText(ScriptEngine.java:119)
	at com.kms.katalon.core.main.TestCaseExecutor.runScript(TestCaseExecutor.java:448)
	at com.kms.katalon.core.main.TestCaseExecutor.doExecute(TestCaseExecutor.java:439)
	at com.kms.katalon.core.main.TestCaseExecutor.processExecutionPhase(TestCaseExecutor.java:418)
	at com.kms.katalon.core.main.TestCaseExecutor.accessMainPhase(TestCaseExecutor.java:410)
	at com.kms.katalon.core.main.TestCaseExecutor.execute(TestCaseExecutor.java:285)
	at com.kms.katalon.core.common.CommonExecutor.accessTestCaseMainPhase(CommonExecutor.java:65)
	at com.kms.katalon.core.main.TestSuiteExecutor.accessTestSuiteMainPhase(TestSuiteExecutor.java:148)
	at com.kms.katalon.core.main.TestSuiteExecutor.execute(TestSuiteExecutor.java:106)
	at com.kms.katalon.core.main.TestCaseMain.startTestSuite(TestCaseMain.java:187)
	at com.kms.katalon.core.main.TestCaseMain$startTestSuite$0.call(Unknown Source)
	at TempTestSuite1698656109271.run(TempTestSuite1698656109271.groovy:36)]]></system-out>
      <system-err><![CDATA[2023-10-30 16:55:27 - [TEST_SUITE][ERROR] - Test_Jira_Nasa: Test Cases/Scenario 17_Jira/BAT-707 SC17.0_TC18 - admin - FAILED.
Reason:
groovy.lang.MissingPropertyException: No such property: batch_url for class: Script1698052678066
	at BAT-707 SC17.0_TC18 - admin -.run(BAT-707 SC17.0_TC18 - admin -:24)
	at com.kms.katalon.core.main.ScriptEngine.run(ScriptEngine.java:194)
	at com.kms.katalon.core.main.ScriptEngine.runScriptAsRawText(ScriptEngine.java:119)
	at com.kms.katalon.core.main.TestCaseExecutor.runScript(TestCaseExecutor.java:448)
	at com.kms.katalon.core.main.TestCaseExecutor.doExecute(TestCaseExecutor.java:439)
	at com.kms.katalon.core.main.TestCaseExecutor.processExecutionPhase(TestCaseExecutor.java:418)
	at com.kms.katalon.core.main.TestCaseExecutor.accessMainPhase(TestCaseExecutor.java:410)
	at com.kms.katalon.core.main.TestCaseExecutor.execute(TestCaseExecutor.java:285)
	at com.kms.katalon.core.common.CommonExecutor.accessTestCaseMainPhase(CommonExecutor.java:65)
	at com.kms.katalon.core.main.TestSuiteExecutor.accessTestSuiteMainPhase(TestSuiteExecutor.java:148)
	at com.kms.katalon.core.main.TestSuiteExecutor.execute(TestSuiteExecutor.java:106)
	at com.kms.katalon.core.main.TestCaseMain.startTestSuite(TestCaseMain.java:187)
	at com.kms.katalon.core.main.TestCaseMain$startTestSuite$0.call(Unknown Source)
	at TempTestSuite1698656109271.run(TempTestSuite1698656109271.groovy:36)]]></system-err>
   </testsuite>
</testsuites>
