<?xml version="1.0" encoding="UTF-8"?>
<testsuites name="Test_Jira_Nasa" time="129.338" tests="2" failures="0" errors="0">
   <testsuite name="Test_Jira_Nasa" tests="2" failures="0" errors="0" time="129.338" skipped="0" timestamp="2023-10-30 16:48:05" hostname="nasin - Testbits_Nas" id="Test Suites/Test_Jira_Nasa">
      <properties>
         <property name="deviceName" value=""/>
         <property name="devicePlatform" value=""/>
         <property name="logFolder" value="C:\\Users\\nasin\\git\\tb-ttap-brivge-v2\\Reports\\20231030_164747\\Test_Jira_Nasa\\20231030_164747"/>
         <property name="logFiles" value="C:\\Users\\nasin\\git\\tb-ttap-brivge-v2\\Reports\\20231030_164747\\Test_Jira_Nasa\\20231030_164747\\execution0.log"/>
         <property name="attachments" value="C:\\Users\\nasin\\git\\tb-ttap-brivge-v2\\Reports\\20231030_164747\\Test_Jira_Nasa\\20231030_164747\\1698655746896.png, C:\\Users\\nasin\\git\\tb-ttap-brivge-v2\\Reports\\20231030_164747\\Test_Jira_Nasa\\20231030_164747\\1698655813349.png"/>
         <property name="hostName" value="nasin - Testbits_Nas"/>
         <property name="os" value="Windows 11 64bit"/>
         <property name="katalonVersion" value="8.6.6.208"/>
         <property name="browser" value="Chrome 118.0.0.0"/>
         <property name="hostAddress" value="10.2.0.2"/>
         <property name="sessionId" value="6583408f83907b2dc82c894f25d3f7da"/>
         <property name="seleniumVersion" value="3.141.59"/>
         <property name="proxyInformation" value="ProxyInformation { proxyOption=NO_PROXY, proxyServerType=HTTP, username=, password=********, proxyServerAddress=, proxyServerPort=0, executionList=&quot;&quot;, isApplyToDesiredCapabilities=true }"/>
         <property name="platform" value="Windows 11"/>
      </properties>
      <testcase name="Test Cases/Scenario 17/S17_TC018- Admin Combine Run Batch" time="62.204" classname="Test Cases/Scenario 17/S17_TC018- Admin Combine Run Batch" status="PASSED">
         <system-out><![CDATA[2023-10-30 16:48:07 - [TEST_CASE][PASSED] - Test Cases/Scenario 17/S17_TC018- Admin Combine Run Batch: Test Cases/Scenario 17/S17_TC018- Admin Combine Run Batch

2023-10-30 16:48:07 - [TEST_STEP][PASSED] - Start listener action : beforeTestCase: null

2023-10-30 16:48:07 - [TEST_STEP][PASSED] - if (RETRY_COUNTER < MAX_RETRIES): null

2023-10-30 16:48:07 - [TEST_STEP][PASSED] - SKIP_REMAINING_TESTS = false: null

2023-10-30 16:48:08 - [TEST_STEP][PASSED] - callTestCase(findTestCase("0-Common/Login to Brivge"), ["url":BRIVGE_URL, "username":ADMIN_USERNAME, "password":ADMIN_PWD, "verificationCode":VERIFICATION_CODE, "company":ADMIN_COMPANY], STOP_ON_FAILURE): Call Test Case 'Test Cases/0-Common/Login to Brivge' successfully

2023-10-30 16:48:08 - [TEST_CASE][PASSED] - Test Cases/0-Common/Login to Brivge: Test Cases/0-Common/Login to Brivge

2023-10-30 16:48:08 - [TEST_STEP][PASSED] - openBrowser(""): Browser is opened with url: ''

2023-10-30 16:48:09 - [MESSAGE][INFO] - Starting 'Chrome' driver

2023-10-30 16:48:09 - [MESSAGE][INFO] - Action delay is set to 0 milliseconds

2023-10-30 16:48:13 - [MESSAGE][PASSED] - Browser is opened with url: ''

2023-10-30 16:48:13 - [TEST_STEP][PASSED] - maximizeWindow(): Current window maximized

2023-10-30 16:48:13 - [MESSAGE][PASSED] - Current window maximized

2023-10-30 16:48:13 - [TEST_STEP][PASSED] - navigateToUrl(url): Navigate to 'https://st.brivge.com/' successfully

2023-10-30 16:48:33 - [MESSAGE][PASSED] - Navigate to 'https://st.brivge.com/' successfully

2023-10-30 16:48:33 - [TEST_STEP][PASSED] - setText(findTestObject("LoginPage_Brivge/input_Sign In_username"), username): Text 'admin' is set on object 'Object Repository/LoginPage_Brivge/input_Sign In_username'

2023-10-30 16:48:34 - [MESSAGE][PASSED] - Text 'admin' is set on object 'Object Repository/LoginPage_Brivge/input_Sign In_username'

2023-10-30 16:48:34 - [TEST_STEP][PASSED] - setEncryptedText(findTestObject("LoginPage_Brivge/input_Sign In_password"), password): Text ****** has been set on object 'Object Repository/LoginPage_Brivge/input_Sign In_password'

2023-10-30 16:48:34 - [MESSAGE][PASSED] - Text ****** has been set on object 'Object Repository/LoginPage_Brivge/input_Sign In_password'

2023-10-30 16:48:34 - [TEST_STEP][PASSED] - click(findTestObject("LoginPage_Brivge/button_Sign In")): Object: 'Object Repository/LoginPage_Brivge/button_Sign In' is clicked on

2023-10-30 16:48:35 - [MESSAGE][PASSED] - Object: 'Object Repository/LoginPage_Brivge/button_Sign In' is clicked on

2023-10-30 16:48:35 - [TEST_STEP][PASSED] - setEncryptedText(findTestObject("LoginPage_Brivge/input_Verify_verificationCode"), verificationCode): Text ****** has been set on object 'Object Repository/LoginPage_Brivge/input_Verify_verificationCode'

2023-10-30 16:48:36 - [MESSAGE][PASSED] - Text ****** has been set on object 'Object Repository/LoginPage_Brivge/input_Verify_verificationCode'

2023-10-30 16:48:36 - [TEST_STEP][PASSED] - click(findTestObject("LoginPage_Brivge/button_Verify")): Object: 'Object Repository/LoginPage_Brivge/button_Verify' is clicked on

2023-10-30 16:48:37 - [MESSAGE][PASSED] - Object: 'Object Repository/LoginPage_Brivge/button_Verify' is clicked on

2023-10-30 16:48:37 - [TEST_STEP][PASSED] - verifyElementPresent(findTestObject("Navbar_Brivge/p_UserLogin_Username", ["username":username]), 0): Object 'Object Repository/Navbar_Brivge/p_UserLogin_Username' is present

2023-10-30 16:48:37 - [MESSAGE][WARNING] - Timeout '0' is invalid. Using default page load timeout: '30'

2023-10-30 16:48:44 - [MESSAGE][PASSED] - Object 'Object Repository/Navbar_Brivge/p_UserLogin_Username' is present

2023-10-30 16:48:44 - [TEST_STEP][PASSED] - click(findTestObject("Navbar_Brivge/UserProfile_Brivge/button_UserProfile")): Object: 'Object Repository/Navbar_Brivge/UserProfile_Brivge/button_UserProfile' is clicked on

2023-10-30 16:48:44 - [MESSAGE][PASSED] - Object: 'Object Repository/Navbar_Brivge/UserProfile_Brivge/button_UserProfile' is clicked on

2023-10-30 16:48:44 - [TEST_STEP][PASSED] - click(findTestObject("Navbar_Brivge/UserProfile_Brivge/button_CompanyOptions")): Object: 'Object Repository/Navbar_Brivge/UserProfile_Brivge/button_CompanyOptions' is clicked on

2023-10-30 16:48:46 - [MESSAGE][PASSED] - Object: 'Object Repository/Navbar_Brivge/UserProfile_Brivge/button_CompanyOptions' is clicked on

2023-10-30 16:48:46 - [TEST_STEP][PASSED] - click(findTestObject("Navbar_Brivge/UserProfile_Brivge/li_Company", ["company":company])): Object: 'Object Repository/Navbar_Brivge/UserProfile_Brivge/li_Company' is clicked on

2023-10-30 16:48:47 - [MESSAGE][PASSED] - Object: 'Object Repository/Navbar_Brivge/UserProfile_Brivge/li_Company' is clicked on

2023-10-30 16:48:47 - [TEST_STEP][PASSED] - waitForPageLoad(0): Wait for page load successfully

2023-10-30 16:48:48 - [MESSAGE][WARNING] - Timeout '0' is invalid. Using default page load timeout: '30'

2023-10-30 16:48:48 - [MESSAGE][PASSED] - Wait for page load successfully

2023-10-30 16:48:48 - [MESSAGE][PASSED] - Call Test Case 'Test Cases/0-Common/Login to Brivge' successfully

2023-10-30 16:48:48 - [TEST_STEP][PASSED] - navigateToUrl(batch_url): Navigate to 'https://st.brivge.com/batch' successfully

2023-10-30 16:48:52 - [MESSAGE][PASSED] - Navigate to 'https://st.brivge.com/batch' successfully

2023-10-30 16:48:52 - [TEST_STEP][PASSED] - waitForElementPresent(findTestObject("Page_Batch/h3_Batch"), 0): Object 'Object Repository/Page_Batch/h3_Batch' is present

2023-10-30 16:48:52 - [MESSAGE][WARNING] - Timeout '0' is invalid. Using default page load timeout: '30'

2023-10-30 16:49:03 - [MESSAGE][PASSED] - Object 'Object Repository/Page_Batch/h3_Batch' is present

2023-10-30 16:49:03 - [TEST_STEP][PASSED] - click(findTestObject("Page_Batch/button_LCBM BATCH")): Object: 'Object Repository/Page_Batch/button_LCBM BATCH' is clicked on

2023-10-30 16:49:03 - [MESSAGE][PASSED] - Object: 'Object Repository/Page_Batch/button_LCBM BATCH' is clicked on

2023-10-30 16:49:03 - [TEST_STEP][PASSED] - click(findTestObject("Page_Batch/li_COMBINE BATCH")): Object: 'Object Repository/Page_Batch/li_COMBINE BATCH' is clicked on

2023-10-30 16:49:04 - [MESSAGE][PASSED] - Object: 'Object Repository/Page_Batch/li_COMBINE BATCH' is clicked on

2023-10-30 16:49:04 - [TEST_STEP][PASSED] - verifyElementPresent(findTestObject("NotificationMsg_Brivge/div_NotiMsg_BatchCombineOrder_Success"), 0): Object 'Object Repository/NotificationMsg_Brivge/div_NotiMsg_BatchCombineOrder_Success' is present

2023-10-30 16:49:05 - [MESSAGE][WARNING] - Timeout '0' is invalid. Using default page load timeout: '30'

2023-10-30 16:49:06 - [MESSAGE][PASSED] - Object 'Object Repository/NotificationMsg_Brivge/div_NotiMsg_BatchCombineOrder_Success' is present

2023-10-30 16:49:06 - [TEST_STEP][PASSED] - takeFullPageScreenshot(): Taking screenshot successfully

2023-10-30 16:49:08 - [MESSAGE][INFO] - 0 hidden object(s)

2023-10-30 16:49:08 - [MESSAGE][PASSED] - Taking screenshot successfully
[[ATTACHMENT|C:\\Users\\nasin\\git\\tb-ttap-brivge-v2\\Reports\\20231030_164747\\Test_Jira_Nasa\\20231030_164747\\1698655746896.png]]

2023-10-30 16:49:08 - [TEST_STEP][PASSED] - closeBrowser(): Browser is closed

2023-10-30 16:49:09 - [MESSAGE][PASSED] - Browser is closed

2023-10-30 16:49:09 - [TEST_STEP][PASSED] - Start listener action : afterTestCase: null

2023-10-30 16:49:09 - [TEST_STEP][PASSED] - if (testCaseStatus == "FAILED" && RETRY_COUNTER < MAX_RETRIES): null

2023-10-30 16:49:09 - [TEST_STEP][PASSED] - else: null

2023-10-30 16:49:09 - [TEST_STEP][PASSED] - SKIP_REMAINING_TESTS = true: null]]></system-out>
         <system-err><![CDATA[]]></system-err>
      </testcase>
      <testcase name="Test Cases/Scenario 17/S17_TC018- Admin Combine Run Batch" time="65.544" classname="Test Cases/Scenario 17/S17_TC018- Admin Combine Run Batch" status="PASSED">
         <system-out><![CDATA[2023-10-30 16:49:09 - [TEST_CASE][PASSED] - Test Cases/Scenario 17/S17_TC018- Admin Combine Run Batch: Test Cases/Scenario 17/S17_TC018- Admin Combine Run Batch

2023-10-30 16:49:09 - [TEST_STEP][PASSED] - Start listener action : beforeTestCase: null

2023-10-30 16:49:09 - [TEST_STEP][PASSED] - if (RETRY_COUNTER < MAX_RETRIES): null

2023-10-30 16:49:09 - [TEST_STEP][PASSED] - SKIP_REMAINING_TESTS = false: null

2023-10-30 16:49:09 - [TEST_STEP][PASSED] - callTestCase(findTestCase("0-Common/Login to Brivge"), ["url":BRIVGE_URL, "username":ADMIN_USERNAME, "password":ADMIN_PWD, "verificationCode":VERIFICATION_CODE, "company":ADMIN_COMPANY], STOP_ON_FAILURE): Call Test Case 'Test Cases/0-Common/Login to Brivge' successfully

2023-10-30 16:49:09 - [TEST_CASE][PASSED] - Test Cases/0-Common/Login to Brivge: Test Cases/0-Common/Login to Brivge

2023-10-30 16:49:09 - [TEST_STEP][PASSED] - openBrowser(""): Browser is opened with url: ''

2023-10-30 16:49:09 - [MESSAGE][INFO] - Starting 'Chrome' driver

2023-10-30 16:49:09 - [MESSAGE][INFO] - Action delay is set to 0 milliseconds

2023-10-30 16:49:11 - [MESSAGE][PASSED] - Browser is opened with url: ''

2023-10-30 16:49:11 - [TEST_STEP][PASSED] - maximizeWindow(): Current window maximized

2023-10-30 16:49:11 - [MESSAGE][PASSED] - Current window maximized

2023-10-30 16:49:11 - [TEST_STEP][PASSED] - navigateToUrl(url): Navigate to 'https://st.brivge.com/' successfully

2023-10-30 16:49:35 - [MESSAGE][PASSED] - Navigate to 'https://st.brivge.com/' successfully

2023-10-30 16:49:35 - [TEST_STEP][PASSED] - setText(findTestObject("LoginPage_Brivge/input_Sign In_username"), username): Text 'admin' is set on object 'Object Repository/LoginPage_Brivge/input_Sign In_username'

2023-10-30 16:49:36 - [MESSAGE][PASSED] - Text 'admin' is set on object 'Object Repository/LoginPage_Brivge/input_Sign In_username'

2023-10-30 16:49:36 - [TEST_STEP][PASSED] - setEncryptedText(findTestObject("LoginPage_Brivge/input_Sign In_password"), password): Text ****** has been set on object 'Object Repository/LoginPage_Brivge/input_Sign In_password'

2023-10-30 16:49:37 - [MESSAGE][PASSED] - Text ****** has been set on object 'Object Repository/LoginPage_Brivge/input_Sign In_password'

2023-10-30 16:49:37 - [TEST_STEP][PASSED] - click(findTestObject("LoginPage_Brivge/button_Sign In")): Object: 'Object Repository/LoginPage_Brivge/button_Sign In' is clicked on

2023-10-30 16:49:37 - [MESSAGE][PASSED] - Object: 'Object Repository/LoginPage_Brivge/button_Sign In' is clicked on

2023-10-30 16:49:37 - [TEST_STEP][PASSED] - setEncryptedText(findTestObject("LoginPage_Brivge/input_Verify_verificationCode"), verificationCode): Text ****** has been set on object 'Object Repository/LoginPage_Brivge/input_Verify_verificationCode'

2023-10-30 16:49:38 - [MESSAGE][PASSED] - Text ****** has been set on object 'Object Repository/LoginPage_Brivge/input_Verify_verificationCode'

2023-10-30 16:49:38 - [TEST_STEP][PASSED] - click(findTestObject("LoginPage_Brivge/button_Verify")): Object: 'Object Repository/LoginPage_Brivge/button_Verify' is clicked on

2023-10-30 16:49:39 - [MESSAGE][PASSED] - Object: 'Object Repository/LoginPage_Brivge/button_Verify' is clicked on

2023-10-30 16:49:39 - [TEST_STEP][PASSED] - verifyElementPresent(findTestObject("Navbar_Brivge/p_UserLogin_Username", ["username":username]), 0): Object 'Object Repository/Navbar_Brivge/p_UserLogin_Username' is present

2023-10-30 16:49:39 - [MESSAGE][WARNING] - Timeout '0' is invalid. Using default page load timeout: '30'

2023-10-30 16:49:49 - [MESSAGE][PASSED] - Object 'Object Repository/Navbar_Brivge/p_UserLogin_Username' is present

2023-10-30 16:49:49 - [TEST_STEP][PASSED] - click(findTestObject("Navbar_Brivge/UserProfile_Brivge/button_UserProfile")): Object: 'Object Repository/Navbar_Brivge/UserProfile_Brivge/button_UserProfile' is clicked on

2023-10-30 16:49:50 - [MESSAGE][PASSED] - Object: 'Object Repository/Navbar_Brivge/UserProfile_Brivge/button_UserProfile' is clicked on

2023-10-30 16:49:50 - [TEST_STEP][PASSED] - click(findTestObject("Navbar_Brivge/UserProfile_Brivge/button_CompanyOptions")): Object: 'Object Repository/Navbar_Brivge/UserProfile_Brivge/button_CompanyOptions' is clicked on

2023-10-30 16:49:51 - [MESSAGE][PASSED] - Object: 'Object Repository/Navbar_Brivge/UserProfile_Brivge/button_CompanyOptions' is clicked on

2023-10-30 16:49:51 - [TEST_STEP][PASSED] - click(findTestObject("Navbar_Brivge/UserProfile_Brivge/li_Company", ["company":company])): Object: 'Object Repository/Navbar_Brivge/UserProfile_Brivge/li_Company' is clicked on

2023-10-30 16:49:53 - [MESSAGE][PASSED] - Object: 'Object Repository/Navbar_Brivge/UserProfile_Brivge/li_Company' is clicked on

2023-10-30 16:49:53 - [TEST_STEP][PASSED] - waitForPageLoad(0): Wait for page load successfully

2023-10-30 16:49:53 - [MESSAGE][WARNING] - Timeout '0' is invalid. Using default page load timeout: '30'

2023-10-30 16:49:53 - [MESSAGE][PASSED] - Wait for page load successfully

2023-10-30 16:49:53 - [MESSAGE][PASSED] - Call Test Case 'Test Cases/0-Common/Login to Brivge' successfully

2023-10-30 16:49:53 - [TEST_STEP][PASSED] - navigateToUrl(batch_url): Navigate to 'https://st.brivge.com/batch' successfully

2023-10-30 16:49:57 - [MESSAGE][PASSED] - Navigate to 'https://st.brivge.com/batch' successfully

2023-10-30 16:49:57 - [TEST_STEP][PASSED] - waitForElementPresent(findTestObject("Page_Batch/h3_Batch"), 0): Object 'Object Repository/Page_Batch/h3_Batch' is present

2023-10-30 16:49:57 - [MESSAGE][WARNING] - Timeout '0' is invalid. Using default page load timeout: '30'

2023-10-30 16:50:10 - [MESSAGE][PASSED] - Object 'Object Repository/Page_Batch/h3_Batch' is present

2023-10-30 16:50:10 - [TEST_STEP][PASSED] - click(findTestObject("Page_Batch/button_LCBM BATCH")): Object: 'Object Repository/Page_Batch/button_LCBM BATCH' is clicked on

2023-10-30 16:50:10 - [MESSAGE][PASSED] - Object: 'Object Repository/Page_Batch/button_LCBM BATCH' is clicked on

2023-10-30 16:50:10 - [TEST_STEP][PASSED] - click(findTestObject("Page_Batch/li_COMBINE BATCH")): Object: 'Object Repository/Page_Batch/li_COMBINE BATCH' is clicked on

2023-10-30 16:50:11 - [MESSAGE][PASSED] - Object: 'Object Repository/Page_Batch/li_COMBINE BATCH' is clicked on

2023-10-30 16:50:11 - [TEST_STEP][PASSED] - verifyElementPresent(findTestObject("NotificationMsg_Brivge/div_NotiMsg_BatchCombineOrder_Success"), 0): Object 'Object Repository/NotificationMsg_Brivge/div_NotiMsg_BatchCombineOrder_Success' is present

2023-10-30 16:50:11 - [MESSAGE][WARNING] - Timeout '0' is invalid. Using default page load timeout: '30'

2023-10-30 16:50:13 - [MESSAGE][PASSED] - Object 'Object Repository/NotificationMsg_Brivge/div_NotiMsg_BatchCombineOrder_Success' is present

2023-10-30 16:50:13 - [TEST_STEP][PASSED] - takeFullPageScreenshot(): Taking screenshot successfully

2023-10-30 16:50:14 - [MESSAGE][INFO] - 0 hidden object(s)

2023-10-30 16:50:14 - [MESSAGE][PASSED] - Taking screenshot successfully
[[ATTACHMENT|C:\\Users\\nasin\\git\\tb-ttap-brivge-v2\\Reports\\20231030_164747\\Test_Jira_Nasa\\20231030_164747\\1698655813349.png]]

2023-10-30 16:50:14 - [TEST_STEP][PASSED] - closeBrowser(): Browser is closed

2023-10-30 16:50:15 - [MESSAGE][PASSED] - Browser is closed

2023-10-30 16:50:15 - [TEST_STEP][PASSED] - Start listener action : afterTestCase: null

2023-10-30 16:50:15 - [TEST_STEP][PASSED] - if (testCaseStatus == "FAILED" && RETRY_COUNTER < MAX_RETRIES): null

2023-10-30 16:50:15 - [TEST_STEP][PASSED] - else: null

2023-10-30 16:50:15 - [TEST_STEP][PASSED] - SKIP_REMAINING_TESTS = true: null]]></system-out>
         <system-err><![CDATA[]]></system-err>
      </testcase>
      <system-out><![CDATA[2023-10-30 16:48:05 - [TEST_SUITE][PASSED] - Test_Jira_Nasa: Test Cases/Scenario 17/S17_TC018- Admin Combine Run Batch]]></system-out>
      <system-err><![CDATA[]]></system-err>
   </testsuite>
</testsuites>
