<?xml version="1.0" encoding="UTF-8"?>
<testsuites name="Test_Jira_Nasa" time="124.043" tests="2" failures="0" errors="0">
   <testsuite name="Test_Jira_Nasa" tests="2" failures="0" errors="0" time="124.043" skipped="0" timestamp="2023-10-30 17:07:21" hostname="nasin - Testbits_Nas" id="Test Suites/Test_Jira_Nasa">
      <properties>
         <property name="deviceName" value=""/>
         <property name="devicePlatform" value=""/>
         <property name="logFolder" value="C:\\Users\\nasin\\git\\tb-ttap-brivge-v2\\Reports\\20231030_170704\\Test_Jira_Nasa\\20231030_170704"/>
         <property name="logFiles" value="C:\\Users\\nasin\\git\\tb-ttap-brivge-v2\\Reports\\20231030_170704\\Test_Jira_Nasa\\20231030_170704\\execution0.log"/>
         <property name="attachments" value="C:\\Users\\nasin\\git\\tb-ttap-brivge-v2\\Reports\\20231030_170704\\Test_Jira_Nasa\\20231030_170704\\1698656898348.png, C:\\Users\\nasin\\git\\tb-ttap-brivge-v2\\Reports\\20231030_170704\\Test_Jira_Nasa\\20231030_170704\\1698656964064.png"/>
         <property name="hostName" value="nasin - Testbits_Nas"/>
         <property name="os" value="Windows 11 64bit"/>
         <property name="katalonVersion" value="8.6.6.208"/>
         <property name="browser" value="Chrome 118.0.0.0"/>
         <property name="hostAddress" value="10.2.0.2"/>
         <property name="sessionId" value="19e13e14e271d45ecf69466aea4d4a95"/>
         <property name="seleniumVersion" value="3.141.59"/>
         <property name="proxyInformation" value="ProxyInformation { proxyOption=NO_PROXY, proxyServerType=HTTP, username=, password=********, proxyServerAddress=, proxyServerPort=0, executionList=&quot;&quot;, isApplyToDesiredCapabilities=true }"/>
         <property name="platform" value="Windows 11"/>
      </properties>
      <testcase name="Test Cases/Scenario 17_Jira/BAT-707 SC17.0_TC18 - admin -" time="57.082" classname="Test Cases/Scenario 17_Jira/BAT-707 SC17.0_TC18 - admin -" status="PASSED">
         <system-out><![CDATA[2023-10-30 17:07:23 - [TEST_CASE][PASSED] - Test Cases/Scenario 17_Jira/BAT-707 SC17.0_TC18 - admin -: Test Cases/Scenario 17_Jira/BAT-707 SC17.0_TC18 - admin -

2023-10-30 17:07:23 - [TEST_STEP][PASSED] - Start listener action : beforeTestCase: null

2023-10-30 17:07:23 - [TEST_STEP][PASSED] - if (RETRY_COUNTER < MAX_RETRIES): null

2023-10-30 17:07:23 - [TEST_STEP][PASSED] - SKIP_REMAINING_TESTS = false: null

2023-10-30 17:07:24 - [TEST_STEP][PASSED] - callTestCase(findTestCase("0-Common/Login to Brivge"), ["url":BRIVGE_URL, "username":ADMIN_USERNAME, "password":ADMIN_PWD, "verificationCode":VERIFICATION_CODE, "company":ADMIN_COMPANY], STOP_ON_FAILURE): Call Test Case 'Test Cases/0-Common/Login to Brivge' successfully

2023-10-30 17:07:24 - [TEST_CASE][PASSED] - Test Cases/0-Common/Login to Brivge: Test Cases/0-Common/Login to Brivge

2023-10-30 17:07:24 - [TEST_STEP][PASSED] - openBrowser(""): Browser is opened with url: ''

2023-10-30 17:07:25 - [MESSAGE][INFO] - Starting 'Chrome' driver

2023-10-30 17:07:25 - [MESSAGE][INFO] - Action delay is set to 0 milliseconds

2023-10-30 17:07:28 - [MESSAGE][PASSED] - Browser is opened with url: ''

2023-10-30 17:07:28 - [TEST_STEP][PASSED] - maximizeWindow(): Current window maximized

2023-10-30 17:07:28 - [MESSAGE][PASSED] - Current window maximized

2023-10-30 17:07:28 - [TEST_STEP][PASSED] - navigateToUrl(url): Navigate to 'https://st.brivge.com/' successfully

2023-10-30 17:07:51 - [MESSAGE][PASSED] - Navigate to 'https://st.brivge.com/' successfully

2023-10-30 17:07:51 - [TEST_STEP][PASSED] - setText(findTestObject("LoginPage_Brivge/input_Sign In_username"), username): Text 'admin' is set on object 'Object Repository/LoginPage_Brivge/input_Sign In_username'

2023-10-30 17:07:52 - [MESSAGE][PASSED] - Text 'admin' is set on object 'Object Repository/LoginPage_Brivge/input_Sign In_username'

2023-10-30 17:07:52 - [TEST_STEP][PASSED] - setEncryptedText(findTestObject("LoginPage_Brivge/input_Sign In_password"), password): Text ****** has been set on object 'Object Repository/LoginPage_Brivge/input_Sign In_password'

2023-10-30 17:07:53 - [MESSAGE][PASSED] - Text ****** has been set on object 'Object Repository/LoginPage_Brivge/input_Sign In_password'

2023-10-30 17:07:53 - [TEST_STEP][PASSED] - click(findTestObject("LoginPage_Brivge/button_Sign In")): Object: 'Object Repository/LoginPage_Brivge/button_Sign In' is clicked on

2023-10-30 17:07:53 - [MESSAGE][PASSED] - Object: 'Object Repository/LoginPage_Brivge/button_Sign In' is clicked on

2023-10-30 17:07:53 - [TEST_STEP][PASSED] - setEncryptedText(findTestObject("LoginPage_Brivge/input_Verify_verificationCode"), verificationCode): Text ****** has been set on object 'Object Repository/LoginPage_Brivge/input_Verify_verificationCode'

2023-10-30 17:07:54 - [MESSAGE][PASSED] - Text ****** has been set on object 'Object Repository/LoginPage_Brivge/input_Verify_verificationCode'

2023-10-30 17:07:54 - [TEST_STEP][PASSED] - click(findTestObject("LoginPage_Brivge/button_Verify")): Object: 'Object Repository/LoginPage_Brivge/button_Verify' is clicked on

2023-10-30 17:07:55 - [MESSAGE][PASSED] - Object: 'Object Repository/LoginPage_Brivge/button_Verify' is clicked on

2023-10-30 17:07:55 - [TEST_STEP][PASSED] - verifyElementPresent(findTestObject("Navbar_Brivge/p_UserLogin_Username", ["username":username]), 0): Object 'Object Repository/Navbar_Brivge/p_UserLogin_Username' is present

2023-10-30 17:07:56 - [MESSAGE][WARNING] - Timeout '0' is invalid. Using default page load timeout: '30'

2023-10-30 17:08:02 - [MESSAGE][PASSED] - Object 'Object Repository/Navbar_Brivge/p_UserLogin_Username' is present

2023-10-30 17:08:02 - [TEST_STEP][PASSED] - click(findTestObject("Navbar_Brivge/UserProfile_Brivge/button_UserProfile")): Object: 'Object Repository/Navbar_Brivge/UserProfile_Brivge/button_UserProfile' is clicked on

2023-10-30 17:08:03 - [MESSAGE][PASSED] - Object: 'Object Repository/Navbar_Brivge/UserProfile_Brivge/button_UserProfile' is clicked on

2023-10-30 17:08:03 - [TEST_STEP][PASSED] - click(findTestObject("Navbar_Brivge/UserProfile_Brivge/button_CompanyOptions")): Object: 'Object Repository/Navbar_Brivge/UserProfile_Brivge/button_CompanyOptions' is clicked on

2023-10-30 17:08:04 - [MESSAGE][PASSED] - Object: 'Object Repository/Navbar_Brivge/UserProfile_Brivge/button_CompanyOptions' is clicked on

2023-10-30 17:08:04 - [TEST_STEP][PASSED] - click(findTestObject("Navbar_Brivge/UserProfile_Brivge/li_Company", ["company":company])): Object: 'Object Repository/Navbar_Brivge/UserProfile_Brivge/li_Company' is clicked on

2023-10-30 17:08:05 - [MESSAGE][PASSED] - Object: 'Object Repository/Navbar_Brivge/UserProfile_Brivge/li_Company' is clicked on

2023-10-30 17:08:05 - [TEST_STEP][PASSED] - waitForPageLoad(0): Wait for page load successfully

2023-10-30 17:08:05 - [MESSAGE][WARNING] - Timeout '0' is invalid. Using default page load timeout: '30'

2023-10-30 17:08:05 - [MESSAGE][PASSED] - Wait for page load successfully

2023-10-30 17:08:05 - [MESSAGE][PASSED] - Call Test Case 'Test Cases/0-Common/Login to Brivge' successfully

2023-10-30 17:08:05 - [TEST_STEP][PASSED] - navigateToUrl(batch_url): Navigate to 'https://st.brivge.com/batch' successfully

2023-10-30 17:08:09 - [MESSAGE][PASSED] - Navigate to 'https://st.brivge.com/batch' successfully

2023-10-30 17:08:09 - [TEST_STEP][PASSED] - waitForElementPresent(findTestObject("Page_Batch/h3_Batch"), 0): Object 'Object Repository/Page_Batch/h3_Batch' is present

2023-10-30 17:08:09 - [MESSAGE][WARNING] - Timeout '0' is invalid. Using default page load timeout: '30'

2023-10-30 17:08:15 - [MESSAGE][PASSED] - Object 'Object Repository/Page_Batch/h3_Batch' is present

2023-10-30 17:08:15 - [TEST_STEP][PASSED] - click(findTestObject("Page_Batch/button_LCBM BATCH")): Object: 'Object Repository/Page_Batch/button_LCBM BATCH' is clicked on

2023-10-30 17:08:15 - [MESSAGE][PASSED] - Object: 'Object Repository/Page_Batch/button_LCBM BATCH' is clicked on

2023-10-30 17:08:15 - [TEST_STEP][PASSED] - click(findTestObject("Page_Batch/li_COMBINE BATCH")): Object: 'Object Repository/Page_Batch/li_COMBINE BATCH' is clicked on

2023-10-30 17:08:16 - [MESSAGE][PASSED] - Object: 'Object Repository/Page_Batch/li_COMBINE BATCH' is clicked on

2023-10-30 17:08:16 - [TEST_STEP][PASSED] - verifyElementPresent(findTestObject("NotificationMsg_Brivge/div_NotiMsg_BatchCombineOrder_Success"), 0): Object 'Object Repository/NotificationMsg_Brivge/div_NotiMsg_BatchCombineOrder_Success' is present

2023-10-30 17:08:16 - [MESSAGE][WARNING] - Timeout '0' is invalid. Using default page load timeout: '30'

2023-10-30 17:08:18 - [MESSAGE][PASSED] - Object 'Object Repository/NotificationMsg_Brivge/div_NotiMsg_BatchCombineOrder_Success' is present

2023-10-30 17:08:18 - [TEST_STEP][PASSED] - takeFullPageScreenshot(): Taking screenshot successfully

2023-10-30 17:08:19 - [MESSAGE][INFO] - 0 hidden object(s)

2023-10-30 17:08:19 - [MESSAGE][PASSED] - Taking screenshot successfully
[[ATTACHMENT|C:\\Users\\nasin\\git\\tb-ttap-brivge-v2\\Reports\\20231030_170704\\Test_Jira_Nasa\\20231030_170704\\1698656898348.png]]

2023-10-30 17:08:19 - [TEST_STEP][PASSED] - closeBrowser(): Browser is closed

2023-10-30 17:08:20 - [MESSAGE][PASSED] - Browser is closed

2023-10-30 17:08:20 - [TEST_STEP][PASSED] - Start listener action : afterTestCase: null

2023-10-30 17:08:20 - [TEST_STEP][PASSED] - if (testCaseStatus == "FAILED" && RETRY_COUNTER < MAX_RETRIES): null

2023-10-30 17:08:20 - [TEST_STEP][PASSED] - else: null

2023-10-30 17:08:20 - [TEST_STEP][PASSED] - SKIP_REMAINING_TESTS = true: null]]></system-out>
         <system-err><![CDATA[]]></system-err>
      </testcase>
      <testcase name="Test Cases/Scenario 17/S17_TC018- Admin Combine Run Batch" time="65.279" classname="Test Cases/Scenario 17/S17_TC018- Admin Combine Run Batch" status="PASSED">
         <system-out><![CDATA[2023-10-30 17:08:20 - [TEST_CASE][PASSED] - Test Cases/Scenario 17/S17_TC018- Admin Combine Run Batch: Test Cases/Scenario 17/S17_TC018- Admin Combine Run Batch

2023-10-30 17:08:20 - [TEST_STEP][PASSED] - Start listener action : beforeTestCase: null

2023-10-30 17:08:20 - [TEST_STEP][PASSED] - if (RETRY_COUNTER < MAX_RETRIES): null

2023-10-30 17:08:20 - [TEST_STEP][PASSED] - SKIP_REMAINING_TESTS = false: null

2023-10-30 17:08:21 - [TEST_STEP][PASSED] - callTestCase(findTestCase("0-Common/Login to Brivge"), ["url":BRIVGE_URL, "username":ADMIN_USERNAME, "password":ADMIN_PWD, "verificationCode":VERIFICATION_CODE, "company":ADMIN_COMPANY], STOP_ON_FAILURE): Call Test Case 'Test Cases/0-Common/Login to Brivge' successfully

2023-10-30 17:08:21 - [TEST_CASE][PASSED] - Test Cases/0-Common/Login to Brivge: Test Cases/0-Common/Login to Brivge

2023-10-30 17:08:21 - [TEST_STEP][PASSED] - openBrowser(""): Browser is opened with url: ''

2023-10-30 17:08:21 - [MESSAGE][INFO] - Starting 'Chrome' driver

2023-10-30 17:08:21 - [MESSAGE][INFO] - Action delay is set to 0 milliseconds

2023-10-30 17:08:22 - [MESSAGE][PASSED] - Browser is opened with url: ''

2023-10-30 17:08:22 - [TEST_STEP][PASSED] - maximizeWindow(): Current window maximized

2023-10-30 17:08:23 - [MESSAGE][PASSED] - Current window maximized

2023-10-30 17:08:23 - [TEST_STEP][PASSED] - navigateToUrl(url): Navigate to 'https://st.brivge.com/' successfully

2023-10-30 17:08:49 - [MESSAGE][PASSED] - Navigate to 'https://st.brivge.com/' successfully

2023-10-30 17:08:49 - [TEST_STEP][PASSED] - setText(findTestObject("LoginPage_Brivge/input_Sign In_username"), username): Text 'admin' is set on object 'Object Repository/LoginPage_Brivge/input_Sign In_username'

2023-10-30 17:08:49 - [MESSAGE][PASSED] - Text 'admin' is set on object 'Object Repository/LoginPage_Brivge/input_Sign In_username'

2023-10-30 17:08:49 - [TEST_STEP][PASSED] - setEncryptedText(findTestObject("LoginPage_Brivge/input_Sign In_password"), password): Text ****** has been set on object 'Object Repository/LoginPage_Brivge/input_Sign In_password'

2023-10-30 17:08:50 - [MESSAGE][PASSED] - Text ****** has been set on object 'Object Repository/LoginPage_Brivge/input_Sign In_password'

2023-10-30 17:08:50 - [TEST_STEP][PASSED] - click(findTestObject("LoginPage_Brivge/button_Sign In")): Object: 'Object Repository/LoginPage_Brivge/button_Sign In' is clicked on

2023-10-30 17:08:51 - [MESSAGE][PASSED] - Object: 'Object Repository/LoginPage_Brivge/button_Sign In' is clicked on

2023-10-30 17:08:51 - [TEST_STEP][PASSED] - setEncryptedText(findTestObject("LoginPage_Brivge/input_Verify_verificationCode"), verificationCode): Text ****** has been set on object 'Object Repository/LoginPage_Brivge/input_Verify_verificationCode'

2023-10-30 17:08:51 - [MESSAGE][PASSED] - Text ****** has been set on object 'Object Repository/LoginPage_Brivge/input_Verify_verificationCode'

2023-10-30 17:08:51 - [TEST_STEP][PASSED] - click(findTestObject("LoginPage_Brivge/button_Verify")): Object: 'Object Repository/LoginPage_Brivge/button_Verify' is clicked on

2023-10-30 17:08:52 - [MESSAGE][PASSED] - Object: 'Object Repository/LoginPage_Brivge/button_Verify' is clicked on

2023-10-30 17:08:52 - [TEST_STEP][PASSED] - verifyElementPresent(findTestObject("Navbar_Brivge/p_UserLogin_Username", ["username":username]), 0): Object 'Object Repository/Navbar_Brivge/p_UserLogin_Username' is present

2023-10-30 17:08:53 - [MESSAGE][WARNING] - Timeout '0' is invalid. Using default page load timeout: '30'

2023-10-30 17:09:07 - [MESSAGE][PASSED] - Object 'Object Repository/Navbar_Brivge/p_UserLogin_Username' is present

2023-10-30 17:09:07 - [TEST_STEP][PASSED] - click(findTestObject("Navbar_Brivge/UserProfile_Brivge/button_UserProfile")): Object: 'Object Repository/Navbar_Brivge/UserProfile_Brivge/button_UserProfile' is clicked on

2023-10-30 17:09:08 - [MESSAGE][PASSED] - Object: 'Object Repository/Navbar_Brivge/UserProfile_Brivge/button_UserProfile' is clicked on

2023-10-30 17:09:08 - [TEST_STEP][PASSED] - click(findTestObject("Navbar_Brivge/UserProfile_Brivge/button_CompanyOptions")): Object: 'Object Repository/Navbar_Brivge/UserProfile_Brivge/button_CompanyOptions' is clicked on

2023-10-30 17:09:09 - [MESSAGE][PASSED] - Object: 'Object Repository/Navbar_Brivge/UserProfile_Brivge/button_CompanyOptions' is clicked on

2023-10-30 17:09:09 - [TEST_STEP][PASSED] - click(findTestObject("Navbar_Brivge/UserProfile_Brivge/li_Company", ["company":company])): Object: 'Object Repository/Navbar_Brivge/UserProfile_Brivge/li_Company' is clicked on

2023-10-30 17:09:10 - [MESSAGE][PASSED] - Object: 'Object Repository/Navbar_Brivge/UserProfile_Brivge/li_Company' is clicked on

2023-10-30 17:09:10 - [TEST_STEP][PASSED] - waitForPageLoad(0): Wait for page load successfully

2023-10-30 17:09:10 - [MESSAGE][WARNING] - Timeout '0' is invalid. Using default page load timeout: '30'

2023-10-30 17:09:10 - [MESSAGE][PASSED] - Wait for page load successfully

2023-10-30 17:09:10 - [MESSAGE][PASSED] - Call Test Case 'Test Cases/0-Common/Login to Brivge' successfully

2023-10-30 17:09:10 - [TEST_STEP][PASSED] - navigateToUrl(batch_url): Navigate to 'https://st.brivge.com/batch' successfully

2023-10-30 17:09:13 - [MESSAGE][PASSED] - Navigate to 'https://st.brivge.com/batch' successfully

2023-10-30 17:09:13 - [TEST_STEP][PASSED] - waitForElementPresent(findTestObject("Page_Batch/h3_Batch"), 0): Object 'Object Repository/Page_Batch/h3_Batch' is present

2023-10-30 17:09:13 - [MESSAGE][WARNING] - Timeout '0' is invalid. Using default page load timeout: '30'

2023-10-30 17:09:21 - [MESSAGE][PASSED] - Object 'Object Repository/Page_Batch/h3_Batch' is present

2023-10-30 17:09:21 - [TEST_STEP][PASSED] - click(findTestObject("Page_Batch/button_LCBM BATCH")): Object: 'Object Repository/Page_Batch/button_LCBM BATCH' is clicked on

2023-10-30 17:09:21 - [MESSAGE][PASSED] - Object: 'Object Repository/Page_Batch/button_LCBM BATCH' is clicked on

2023-10-30 17:09:21 - [TEST_STEP][PASSED] - click(findTestObject("Page_Batch/li_COMBINE BATCH")): Object: 'Object Repository/Page_Batch/li_COMBINE BATCH' is clicked on

2023-10-30 17:09:22 - [MESSAGE][PASSED] - Object: 'Object Repository/Page_Batch/li_COMBINE BATCH' is clicked on

2023-10-30 17:09:22 - [TEST_STEP][PASSED] - verifyElementPresent(findTestObject("NotificationMsg_Brivge/div_NotiMsg_BatchCombineOrder_Success"), 0): Object 'Object Repository/NotificationMsg_Brivge/div_NotiMsg_BatchCombineOrder_Success' is present

2023-10-30 17:09:22 - [MESSAGE][WARNING] - Timeout '0' is invalid. Using default page load timeout: '30'

2023-10-30 17:09:24 - [MESSAGE][PASSED] - Object 'Object Repository/NotificationMsg_Brivge/div_NotiMsg_BatchCombineOrder_Success' is present

2023-10-30 17:09:24 - [TEST_STEP][PASSED] - takeFullPageScreenshot(): Taking screenshot successfully

2023-10-30 17:09:24 - [MESSAGE][INFO] - 0 hidden object(s)

2023-10-30 17:09:25 - [MESSAGE][PASSED] - Taking screenshot successfully
[[ATTACHMENT|C:\\Users\\nasin\\git\\tb-ttap-brivge-v2\\Reports\\20231030_170704\\Test_Jira_Nasa\\20231030_170704\\1698656964064.png]]

2023-10-30 17:09:25 - [TEST_STEP][PASSED] - closeBrowser(): Browser is closed

2023-10-30 17:09:25 - [MESSAGE][PASSED] - Browser is closed

2023-10-30 17:09:25 - [TEST_STEP][PASSED] - Start listener action : afterTestCase: null

2023-10-30 17:09:25 - [TEST_STEP][PASSED] - if (testCaseStatus == "FAILED" && RETRY_COUNTER < MAX_RETRIES): null

2023-10-30 17:09:25 - [TEST_STEP][PASSED] - else: null

2023-10-30 17:09:25 - [TEST_STEP][PASSED] - SKIP_REMAINING_TESTS = true: null]]></system-out>
         <system-err><![CDATA[]]></system-err>
      </testcase>
      <system-out><![CDATA[2023-10-30 17:07:21 - [TEST_SUITE][PASSED] - Test_Jira_Nasa: Test Cases/Scenario 17/S17_TC018- Admin Combine Run Batch]]></system-out>
      <system-err><![CDATA[]]></system-err>
   </testsuite>
</testsuites>
